2026-01-15 22:52:45.001	    758660f29c00	INFO	logging	contrib/epee/src/mlog.cpp:274	New log categories: *:WARNING,net:FATAL,net.http:FATAL,net.ssl:FATAL,net.p2p:FATAL,net.cn:FATAL,daemon.rpc:FATAL,global:INFO,verify:FATAL,serialization:FATAL,daemon.rpc.payment:ERROR,stacktrace:INFO,logging:INFO,msgwriter:INFO
2026-01-15 22:52:45.002	    758660f29c00	INFO	msgwriter	src/common/scoped_message_writer.h:102	This is the RPC monero wallet. It needs to connect to a monero
2026-01-15 22:52:45.002	    758660f29c00	INFO	msgwriter	src/common/scoped_message_writer.h:102	daemon to work correctly.
2026-01-15 22:52:45.003	    758660f29c00	INFO	msgwriter	src/common/scoped_message_writer.h:102	Monero 'Fluorine Fermi' (v0.18.4.5-release)
2026-01-15 22:52:45.004	    758660f29c00	INFO	msgwriter	src/common/scoped_message_writer.h:102	Logging to monero-wallet-rpc.log
2026-01-15 22:52:45.104	    758660f29c00	WARNING	wallet.rpc	src/wallet/wallet_rpc_server.cpp:4909	Loading wallet...
2026-01-15 22:52:51.651	    758660f29c00	ERROR	wallet.wallet2	src/wallet/wallet2.cpp:6506	e || !exists. THROW EXCEPTION: error::file_not_found
2026-01-15 22:52:51.656	    758660f29c00	ERROR	wallet.rpc	src/wallet/wallet_rpc_server.cpp:4971	Wallet initialization failed: file not found "test_wallet.keys"
2026-01-15 22:53:51.878	    72da7d982c00	INFO	logging	contrib/epee/src/mlog.cpp:274	New log categories: *:WARNING,net:FATAL,net.http:FATAL,net.ssl:FATAL,net.p2p:FATAL,net.cn:FATAL,daemon.rpc:FATAL,global:INFO,verify:FATAL,serialization:FATAL,daemon.rpc.payment:ERROR,stacktrace:INFO,logging:INFO,msgwriter:INFO
2026-01-15 22:53:51.879	    72da7d982c00	INFO	msgwriter	src/common/scoped_message_writer.h:102	This is the RPC monero wallet. It needs to connect to a monero
2026-01-15 22:53:51.879	    72da7d982c00	INFO	msgwriter	src/common/scoped_message_writer.h:102	daemon to work correctly.
2026-01-15 22:53:51.879	    72da7d982c00	INFO	msgwriter	src/common/scoped_message_writer.h:102	Monero 'Fluorine Fermi' (v0.18.4.5-release)
2026-01-15 22:53:51.879	    72da7d982c00	INFO	msgwriter	src/common/scoped_message_writer.h:102	Logging to monero-wallet-rpc.log
2026-01-15 22:53:51.881	    72da7d982c00	WARNING	wallet.rpc	src/wallet/wallet_rpc_server.cpp:4909	Loading wallet...
2026-01-15 22:53:57.557	    72da7d982c00	ERROR	wallet.wallet2	src/wallet/wallet2.cpp:6506	e || !exists. THROW EXCEPTION: error::file_not_found
2026-01-15 22:53:57.558	    72da7d982c00	ERROR	wallet.rpc	src/wallet/wallet_rpc_server.cpp:4971	Wallet initialization failed: file not found "./test_wallet.keys"
2026-01-15 22:54:57.944	    7f001186ac00	INFO	logging	contrib/epee/src/mlog.cpp:274	New log categories: *:WARNING,net:FATAL,net.http:FATAL,net.ssl:FATAL,net.p2p:FATAL,net.cn:FATAL,daemon.rpc:FATAL,global:INFO,verify:FATAL,serialization:FATAL,daemon.rpc.payment:ERROR,stacktrace:INFO,logging:INFO,msgwriter:INFO
2026-01-15 22:54:57.944	    7f001186ac00	INFO	msgwriter	src/common/scoped_message_writer.h:102	This is the RPC monero wallet. It needs to connect to a monero
2026-01-15 22:54:57.944	    7f001186ac00	INFO	msgwriter	src/common/scoped_message_writer.h:102	daemon to work correctly.
2026-01-15 22:54:57.944	    7f001186ac00	INFO	msgwriter	src/common/scoped_message_writer.h:102	Monero 'Fluorine Fermi' (v0.18.4.5-release)
2026-01-15 22:54:57.944	    7f001186ac00	INFO	msgwriter	src/common/scoped_message_writer.h:102	Logging to monero-wallet-rpc.log
2026-01-15 22:54:57.950	    7f001186ac00	WARNING	wallet.rpc	src/wallet/wallet_rpc_server.cpp:4909	Loading wallet...
2026-01-15 22:55:03.307	    7f001186ac00	ERROR	wallet.wallet2	src/wallet/wallet2.cpp:6506	e || !exists. THROW EXCEPTION: error::file_not_found
2026-01-15 22:55:03.315	    7f001186ac00	ERROR	wallet.rpc	src/wallet/wallet_rpc_server.cpp:4971	Wallet initialization failed: file not found "./test_wallet.keys"
2026-01-15 22:55:07.218	    721be2331c00	INFO	logging	contrib/epee/src/mlog.cpp:274	New log categories: *:WARNING,net:FATAL,net.http:FATAL,net.ssl:FATAL,net.p2p:FATAL,net.cn:FATAL,daemon.rpc:FATAL,global:INFO,verify:FATAL,serialization:FATAL,daemon.rpc.payment:ERROR,stacktrace:INFO,logging:INFO,msgwriter:INFO
2026-01-15 22:55:07.218	    721be2331c00	INFO	msgwriter	src/common/scoped_message_writer.h:102	This is the RPC monero wallet. It needs to connect to a monero
2026-01-15 22:55:07.218	    721be2331c00	INFO	msgwriter	src/common/scoped_message_writer.h:102	daemon to work correctly.
2026-01-15 22:55:07.218	    721be2331c00	INFO	msgwriter	src/common/scoped_message_writer.h:102	Monero 'Fluorine Fermi' (v0.18.4.5-release)
2026-01-15 22:55:07.218	    721be2331c00	INFO	msgwriter	src/common/scoped_message_writer.h:102	Logging to monero-wallet-rpc.log
2026-01-15 22:55:07.225	    721be2331c00	WARNING	wallet.rpc	src/wallet/wallet_rpc_server.cpp:4909	Loading wallet...
2026-01-15 22:55:12.934	    721be2331c00	ERROR	wallet.wallet2	src/wallet/wallet2.cpp:6506	e || !exists. THROW EXCEPTION: error::file_not_found
2026-01-15 22:55:12.934	    721be2331c00	ERROR	wallet.rpc	src/wallet/wallet_rpc_server.cpp:4971	Wallet initialization failed: file not found "./test_wallet.keys"
2026-01-15 22:57:28.264	    7897b9a53c00	INFO	logging	contrib/epee/src/mlog.cpp:274	New log categories: *:WARNING,net:FATAL,net.http:FATAL,net.ssl:FATAL,net.p2p:FATAL,net.cn:FATAL,daemon.rpc:FATAL,global:INFO,verify:FATAL,serialization:FATAL,daemon.rpc.payment:ERROR,stacktrace:INFO,logging:INFO,msgwriter:INFO
2026-01-15 22:57:28.264	    7897b9a53c00	INFO	msgwriter	src/common/scoped_message_writer.h:102	This is the RPC monero wallet. It needs to connect to a monero
2026-01-15 22:57:28.264	    7897b9a53c00	INFO	msgwriter	src/common/scoped_message_writer.h:102	daemon to work correctly.
2026-01-15 22:57:28.264	    7897b9a53c00	INFO	msgwriter	src/common/scoped_message_writer.h:102	Monero 'Fluorine Fermi' (v0.18.4.5-release)
2026-01-15 22:57:28.264	    7897b9a53c00	INFO	msgwriter	src/common/scoped_message_writer.h:102	Logging to monero-wallet-rpc.log
2026-01-15 22:57:28.267	    7897b9a53c00	WARNING	wallet.rpc	src/wallet/wallet_rpc_server.cpp:4909	Loading wallet...
2026-01-15 22:57:41.257	    7897b9a53c00	ERROR	wallet.wallet2	src/wallet/wallet2.cpp:6506	e || !exists. THROW EXCEPTION: error::file_not_found
2026-01-15 22:57:41.257	    7897b9a53c00	ERROR	wallet.rpc	src/wallet/wallet_rpc_server.cpp:4971	Wallet initialization failed: file not found "./test_wallet.keys"
2026-01-15 22:58:07.697	    7b1dd1bdcc00	INFO	logging	contrib/epee/src/mlog.cpp:274	New log categories: *:WARNING,net:FATAL,net.http:FATAL,net.ssl:FATAL,net.p2p:FATAL,net.cn:FATAL,daemon.rpc:FATAL,global:INFO,verify:FATAL,serialization:FATAL,daemon.rpc.payment:ERROR,stacktrace:INFO,logging:INFO,msgwriter:INFO
2026-01-15 22:58:07.697	    7b1dd1bdcc00	INFO	msgwriter	src/common/scoped_message_writer.h:102	This is the RPC monero wallet. It needs to connect to a monero
2026-01-15 22:58:07.697	    7b1dd1bdcc00	INFO	msgwriter	src/common/scoped_message_writer.h:102	daemon to work correctly.
2026-01-15 22:58:07.697	    7b1dd1bdcc00	INFO	msgwriter	src/common/scoped_message_writer.h:102	Monero 'Fluorine Fermi' (v0.18.4.5-release)
2026-01-15 22:58:07.697	    7b1dd1bdcc00	INFO	msgwriter	src/common/scoped_message_writer.h:102	Logging to monero-wallet-rpc.log
2026-01-15 22:58:07.700	    7b1dd1bdcc00	WARNING	wallet.rpc	src/wallet/wallet_rpc_server.cpp:4909	Loading wallet...
2026-01-15 22:58:18.036	    7b1dd1bdcc00	ERROR	wallet.wallet2	src/wallet/wallet2.cpp:6506	e || !exists. THROW EXCEPTION: error::file_not_found
2026-01-15 22:58:18.098	    7b1dd1bdcc00	ERROR	wallet.rpc	src/wallet/wallet_rpc_server.cpp:4971	Wallet initialization failed: file not found "./test_wallet.keys"
2026-01-15 23:53:16.913	    74920f6c8c00	INFO	logging	contrib/epee/src/mlog.cpp:274	New log categories: *:WARNING,net:FATAL,net.http:FATAL,net.ssl:FATAL,net.p2p:FATAL,net.cn:FATAL,daemon.rpc:FATAL,global:INFO,verify:FATAL,serialization:FATAL,daemon.rpc.payment:ERROR,stacktrace:INFO,logging:INFO,msgwriter:INFO
2026-01-15 23:53:16.918	    74920f6c8c00	INFO	msgwriter	src/common/scoped_message_writer.h:102	This is the RPC monero wallet. It needs to connect to a monero
2026-01-15 23:53:16.918	    74920f6c8c00	INFO	msgwriter	src/common/scoped_message_writer.h:102	daemon to work correctly.
2026-01-15 23:53:16.918	    74920f6c8c00	INFO	msgwriter	src/common/scoped_message_writer.h:102	Monero 'Fluorine Fermi' (v0.18.4.5-release)
2026-01-15 23:53:16.918	    74920f6c8c00	INFO	msgwriter	src/common/scoped_message_writer.h:102	Logging to monero-wallet-rpc.log
2026-01-15 23:53:16.920	    74920f6c8c00	WARNING	wallet.rpc	src/wallet/wallet_rpc_server.cpp:4909	Loading wallet...
2026-01-15 23:53:22.629	    74920f6c8c00	ERROR	wallet.wallet2	src/wallet/wallet2.cpp:6506	e || !exists. THROW EXCEPTION: error::file_not_found
2026-01-15 23:53:22.630	    74920f6c8c00	ERROR	wallet.rpc	src/wallet/wallet_rpc_server.cpp:4971	Wallet initialization failed: file not found "./test_wallet.keys"
